{"/Users/michaelingram/Documents/GitHub/CA_lobby/webapp/frontend/src/App.js": {"path":"/Users/michaelingram/Documents/GitHub/CA_lobby/webapp/frontend/src/App.js","statementMap":{"0":{"start":{"line":12,"column":24},"end":{"line":16,"column":1}},"1":{"start":{"line":20,"column":44},"end":{"line":20,"column":65}},"2":{"start":{"line":21,"column":32},"end":{"line":21,"column":52}},"3":{"start":{"line":22,"column":34},"end":{"line":22,"column":54}},"4":{"start":{"line":24,"column":2},"end":{"line":51,"column":9}},"5":{"start":{"line":25,"column":29},"end":{"line":48,"column":5}},"6":{"start":{"line":26,"column":6},"end":{"line":47,"column":7}},"7":{"start":{"line":28,"column":25},"end":{"line":28,"column":73}},"8":{"start":{"line":29,"column":21},"end":{"line":29,"column":42}},"9":{"start":{"line":30,"column":27},"end":{"line":30,"column":34}},"10":{"start":{"line":32,"column":8},"end":{"line":32,"column":32}},"11":{"start":{"line":33,"column":28},"end":{"line":33,"column":64}},"12":{"start":{"line":34,"column":8},"end":{"line":34,"column":38}},"13":{"start":{"line":36,"column":8},"end":{"line":40,"column":11}},"14":{"start":{"line":43,"column":8},"end":{"line":43,"column":61}},"15":{"start":{"line":44,"column":8},"end":{"line":44,"column":32}},"16":{"start":{"line":46,"column":8},"end":{"line":46,"column":26}},"17":{"start":{"line":50,"column":4},"end":{"line":50,"column":23}},"18":{"start":{"line":53,"column":2},"end":{"line":53,"column":46}},"19":{"start":{"line":57,"column":19},"end":{"line":57,"column":28}},"20":{"start":{"line":58,"column":47},"end":{"line":58,"column":63}},"21":{"start":{"line":61,"column":2},"end":{"line":77,"column":3}},"22":{"start":{"line":62,"column":4},"end":{"line":76,"column":6}},"23":{"start":{"line":80,"column":2},"end":{"line":129,"column":3}},"24":{"start":{"line":81,"column":4},"end":{"line":128,"column":6}},"25":{"start":{"line":132,"column":2},"end":{"line":183,"column":4}},"26":{"start":{"line":188,"column":30},"end":{"line":188,"column":50}},"27":{"start":{"line":189,"column":32},"end":{"line":189,"column":52}},"28":{"start":{"line":191,"column":2},"end":{"line":202,"column":9}},"29":{"start":{"line":192,"column":4},"end":{"line":201,"column":9}},"30":{"start":{"line":193,"column":19},"end":{"line":193,"column":29}},"31":{"start":{"line":195,"column":8},"end":{"line":195,"column":24}},"32":{"start":{"line":196,"column":8},"end":{"line":196,"column":26}},"33":{"start":{"line":199,"column":8},"end":{"line":199,"column":51}},"34":{"start":{"line":200,"column":8},"end":{"line":200,"column":26}},"35":{"start":{"line":204,"column":2},"end":{"line":204,"column":44}},"36":{"start":{"line":204,"column":15},"end":{"line":204,"column":44}},"37":{"start":{"line":206,"column":2},"end":{"line":219,"column":4}},"38":{"start":{"line":223,"column":30},"end":{"line":223,"column":50}},"39":{"start":{"line":224,"column":32},"end":{"line":224,"column":52}},"40":{"start":{"line":226,"column":2},"end":{"line":237,"column":9}},"41":{"start":{"line":227,"column":4},"end":{"line":236,"column":9}},"42":{"start":{"line":228,"column":19},"end":{"line":228,"column":29}},"43":{"start":{"line":230,"column":8},"end":{"line":230,"column":24}},"44":{"start":{"line":231,"column":8},"end":{"line":231,"column":26}},"45":{"start":{"line":234,"column":8},"end":{"line":234,"column":51}},"46":{"start":{"line":235,"column":8},"end":{"line":235,"column":26}},"47":{"start":{"line":239,"column":2},"end":{"line":239,"column":44}},"48":{"start":{"line":239,"column":15},"end":{"line":239,"column":44}},"49":{"start":{"line":241,"column":2},"end":{"line":253,"column":4}},"50":{"start":{"line":257,"column":26},"end":{"line":257,"column":46}},"51":{"start":{"line":258,"column":32},"end":{"line":258,"column":52}},"52":{"start":{"line":260,"column":2},"end":{"line":271,"column":9}},"53":{"start":{"line":261,"column":4},"end":{"line":270,"column":9}},"54":{"start":{"line":262,"column":19},"end":{"line":262,"column":29}},"55":{"start":{"line":264,"column":8},"end":{"line":264,"column":22}},"56":{"start":{"line":265,"column":8},"end":{"line":265,"column":26}},"57":{"start":{"line":268,"column":8},"end":{"line":268,"column":55}},"58":{"start":{"line":269,"column":8},"end":{"line":269,"column":26}},"59":{"start":{"line":273,"column":2},"end":{"line":273,"column":44}},"60":{"start":{"line":273,"column":15},"end":{"line":273,"column":44}},"61":{"start":{"line":275,"column":2},"end":{"line":296,"column":4}},"62":{"start":{"line":286,"column":18},"end":{"line":286,"column":45}}},"fnMap":{"0":{"name":"useIPWhitelist","decl":{"start":{"line":19,"column":9},"end":{"line":19,"column":23}},"loc":{"start":{"line":19,"column":26},"end":{"line":54,"column":1}},"line":19},"1":{"name":"(anonymous_1)","decl":{"start":{"line":24,"column":18},"end":{"line":24,"column":19}},"loc":{"start":{"line":24,"column":24},"end":{"line":51,"column":3}},"line":24},"2":{"name":"(anonymous_2)","decl":{"start":{"line":25,"column":29},"end":{"line":25,"column":30}},"loc":{"start":{"line":25,"column":41},"end":{"line":48,"column":5}},"line":25},"3":{"name":"App","decl":{"start":{"line":56,"column":9},"end":{"line":56,"column":12}},"loc":{"start":{"line":56,"column":15},"end":{"line":184,"column":1}},"line":56},"4":{"name":"APIHealthCheck","decl":{"start":{"line":187,"column":9},"end":{"line":187,"column":23}},"loc":{"start":{"line":187,"column":26},"end":{"line":220,"column":1}},"line":187},"5":{"name":"(anonymous_5)","decl":{"start":{"line":191,"column":18},"end":{"line":191,"column":19}},"loc":{"start":{"line":191,"column":24},"end":{"line":202,"column":3}},"line":191},"6":{"name":"(anonymous_6)","decl":{"start":{"line":193,"column":12},"end":{"line":193,"column":13}},"loc":{"start":{"line":193,"column":19},"end":{"line":193,"column":29}},"line":193},"7":{"name":"(anonymous_7)","decl":{"start":{"line":194,"column":12},"end":{"line":194,"column":13}},"loc":{"start":{"line":194,"column":20},"end":{"line":197,"column":7}},"line":194},"8":{"name":"(anonymous_8)","decl":{"start":{"line":198,"column":13},"end":{"line":198,"column":14}},"loc":{"start":{"line":198,"column":20},"end":{"line":201,"column":7}},"line":198},"9":{"name":"SystemStatus","decl":{"start":{"line":222,"column":9},"end":{"line":222,"column":21}},"loc":{"start":{"line":222,"column":24},"end":{"line":254,"column":1}},"line":222},"10":{"name":"(anonymous_10)","decl":{"start":{"line":226,"column":18},"end":{"line":226,"column":19}},"loc":{"start":{"line":226,"column":24},"end":{"line":237,"column":3}},"line":226},"11":{"name":"(anonymous_11)","decl":{"start":{"line":228,"column":12},"end":{"line":228,"column":13}},"loc":{"start":{"line":228,"column":19},"end":{"line":228,"column":29}},"line":228},"12":{"name":"(anonymous_12)","decl":{"start":{"line":229,"column":12},"end":{"line":229,"column":13}},"loc":{"start":{"line":229,"column":20},"end":{"line":232,"column":7}},"line":229},"13":{"name":"(anonymous_13)","decl":{"start":{"line":233,"column":13},"end":{"line":233,"column":14}},"loc":{"start":{"line":233,"column":20},"end":{"line":236,"column":7}},"line":233},"14":{"name":"DataAccessTest","decl":{"start":{"line":256,"column":9},"end":{"line":256,"column":23}},"loc":{"start":{"line":256,"column":26},"end":{"line":297,"column":1}},"line":256},"15":{"name":"(anonymous_15)","decl":{"start":{"line":260,"column":18},"end":{"line":260,"column":19}},"loc":{"start":{"line":260,"column":24},"end":{"line":271,"column":3}},"line":260},"16":{"name":"(anonymous_16)","decl":{"start":{"line":262,"column":12},"end":{"line":262,"column":13}},"loc":{"start":{"line":262,"column":19},"end":{"line":262,"column":29}},"line":262},"17":{"name":"(anonymous_17)","decl":{"start":{"line":263,"column":12},"end":{"line":263,"column":13}},"loc":{"start":{"line":263,"column":20},"end":{"line":266,"column":7}},"line":263},"18":{"name":"(anonymous_18)","decl":{"start":{"line":267,"column":13},"end":{"line":267,"column":14}},"loc":{"start":{"line":267,"column":20},"end":{"line":270,"column":7}},"line":267},"19":{"name":"(anonymous_19)","decl":{"start":{"line":285,"column":44},"end":{"line":285,"column":45}},"loc":{"start":{"line":286,"column":18},"end":{"line":286,"column":45}},"line":286}},"branchMap":{"0":{"loc":{"start":{"line":61,"column":2},"end":{"line":77,"column":3}},"type":"if","locations":[{"start":{"line":61,"column":2},"end":{"line":77,"column":3}},{"start":{},"end":{}}],"line":61},"1":{"loc":{"start":{"line":80,"column":2},"end":{"line":129,"column":3}},"type":"if","locations":[{"start":{"line":80,"column":2},"end":{"line":129,"column":3}},{"start":{},"end":{}}],"line":80},"2":{"loc":{"start":{"line":161,"column":31},"end":{"line":161,"column":56}},"type":"binary-expr","locations":[{"start":{"line":161,"column":31},"end":{"line":161,"column":46}},{"start":{"line":161,"column":50},"end":{"line":161,"column":56}}],"line":161},"3":{"loc":{"start":{"line":204,"column":2},"end":{"line":204,"column":44}},"type":"if","locations":[{"start":{"line":204,"column":2},"end":{"line":204,"column":44}},{"start":{},"end":{}}],"line":204},"4":{"loc":{"start":{"line":208,"column":7},"end":{"line":217,"column":7}},"type":"cond-expr","locations":[{"start":{"line":209,"column":8},"end":{"line":214,"column":14}},{"start":{"line":216,"column":8},"end":{"line":216,"column":65}}],"line":208},"5":{"loc":{"start":{"line":213,"column":11},"end":{"line":213,"column":58}},"type":"binary-expr","locations":[{"start":{"line":213,"column":11},"end":{"line":213,"column":24}},{"start":{"line":213,"column":28},"end":{"line":213,"column":58}}],"line":213},"6":{"loc":{"start":{"line":239,"column":2},"end":{"line":239,"column":44}},"type":"if","locations":[{"start":{"line":239,"column":2},"end":{"line":239,"column":44}},{"start":{},"end":{}}],"line":239},"7":{"loc":{"start":{"line":243,"column":7},"end":{"line":251,"column":7}},"type":"cond-expr","locations":[{"start":{"line":244,"column":8},"end":{"line":248,"column":14}},{"start":{"line":250,"column":8},"end":{"line":250,"column":65}}],"line":243},"8":{"loc":{"start":{"line":273,"column":2},"end":{"line":273,"column":44}},"type":"if","locations":[{"start":{"line":273,"column":2},"end":{"line":273,"column":44}},{"start":{},"end":{}}],"line":273},"9":{"loc":{"start":{"line":277,"column":7},"end":{"line":294,"column":7}},"type":"cond-expr","locations":[{"start":{"line":278,"column":8},"end":{"line":291,"column":14}},{"start":{"line":293,"column":8},"end":{"line":293,"column":70}}],"line":277},"10":{"loc":{"start":{"line":281,"column":11},"end":{"line":290,"column":11}},"type":"binary-expr","locations":[{"start":{"line":281,"column":11},"end":{"line":281,"column":33}},{"start":{"line":282,"column":12},"end":{"line":289,"column":18}}],"line":281}},"s":{"0":0,"1":0,"2":0,"3":0,"4":0,"5":0,"6":0,"7":0,"8":0,"9":0,"10":0,"11":0,"12":0,"13":0,"14":0,"15":0,"16":0,"17":0,"18":0,"19":0,"20":0,"21":0,"22":0,"23":0,"24":0,"25":0,"26":0,"27":0,"28":0,"29":0,"30":0,"31":0,"32":0,"33":0,"34":0,"35":0,"36":0,"37":0,"38":0,"39":0,"40":0,"41":0,"42":0,"43":0,"44":0,"45":0,"46":0,"47":0,"48":0,"49":0,"50":0,"51":0,"52":0,"53":0,"54":0,"55":0,"56":0,"57":0,"58":0,"59":0,"60":0,"61":0,"62":0},"f":{"0":0,"1":0,"2":0,"3":0,"4":0,"5":0,"6":0,"7":0,"8":0,"9":0,"10":0,"11":0,"12":0,"13":0,"14":0,"15":0,"16":0,"17":0,"18":0,"19":0},"b":{"0":[0,0],"1":[0,0],"2":[0,0],"3":[0,0],"4":[0,0],"5":[0,0],"6":[0,0],"7":[0,0],"8":[0,0],"9":[0,0],"10":[0,0]}}
,"/Users/michaelingram/Documents/GitHub/CA_lobby/webapp/frontend/src/index.js": {"path":"/Users/michaelingram/Documents/GitHub/CA_lobby/webapp/frontend/src/index.js","statementMap":{"0":{"start":{"line":8,"column":24},"end":{"line":8,"column":67}},"1":{"start":{"line":10,"column":0},"end":{"line":10,"column":54}},"2":{"start":{"line":11,"column":0},"end":{"line":11,"column":57}},"3":{"start":{"line":12,"column":0},"end":{"line":12,"column":76}},"4":{"start":{"line":14,"column":0},"end":{"line":16,"column":1}},"5":{"start":{"line":15,"column":2},"end":{"line":15,"column":69}},"6":{"start":{"line":18,"column":13},"end":{"line":18,"column":65}},"7":{"start":{"line":20,"column":0},"end":{"line":38,"column":1}},"8":{"start":{"line":21,"column":2},"end":{"line":27,"column":4}},"9":{"start":{"line":29,"column":2},"end":{"line":37,"column":4}}},"fnMap":{},"branchMap":{"0":{"loc":{"start":{"line":14,"column":0},"end":{"line":16,"column":1}},"type":"if","locations":[{"start":{"line":14,"column":0},"end":{"line":16,"column":1}},{"start":{},"end":{}}],"line":14},"1":{"loc":{"start":{"line":20,"column":0},"end":{"line":38,"column":1}},"type":"if","locations":[{"start":{"line":20,"column":0},"end":{"line":38,"column":1}},{"start":{"line":28,"column":7},"end":{"line":38,"column":1}}],"line":20}},"s":{"0":0,"1":0,"2":0,"3":0,"4":0,"5":0,"6":0,"7":0,"8":0,"9":0},"f":{},"b":{"0":[0,0],"1":[0,0]}}
,"/Users/michaelingram/Documents/GitHub/CA_lobby/webapp/frontend/src/components/IPWhitelist.js": {"path":"/Users/michaelingram/Documents/GitHub/CA_lobby/webapp/frontend/src/components/IPWhitelist.js","statementMap":{"0":{"start":{"line":4,"column":24},"end":{"line":8,"column":1}},"1":{"start":{"line":11,"column":44},"end":{"line":11,"column":59}},"2":{"start":{"line":12,"column":32},"end":{"line":12,"column":46}},"3":{"start":{"line":13,"column":34},"end":{"line":13,"column":48}},"4":{"start":{"line":15,"column":2},"end":{"line":65,"column":9}},"5":{"start":{"line":16,"column":29},"end":{"line":62,"column":5}},"6":{"start":{"line":17,"column":6},"end":{"line":61,"column":7}},"7":{"start":{"line":19,"column":24},"end":{"line":23,"column":9}},"8":{"start":{"line":25,"column":25},"end":{"line":25,"column":29}},"9":{"start":{"line":27,"column":8},"end":{"line":42,"column":9}},"10":{"start":{"line":28,"column":10},"end":{"line":41,"column":11}},"11":{"start":{"line":29,"column":29},"end":{"line":29,"column":48}},"12":{"start":{"line":30,"column":25},"end":{"line":30,"column":46}},"13":{"start":{"line":33,"column":12},"end":{"line":33,"column":62}},"14":{"start":{"line":35,"column":12},"end":{"line":37,"column":13}},"15":{"start":{"line":36,"column":14},"end":{"line":36,"column":20}},"16":{"start":{"line":39,"column":12},"end":{"line":39,"column":66}},"17":{"start":{"line":40,"column":12},"end":{"line":40,"column":21}},"18":{"start":{"line":44,"column":8},"end":{"line":44,"column":32}},"19":{"start":{"line":47,"column":28},"end":{"line":47,"column":78}},"20":{"start":{"line":48,"column":8},"end":{"line":48,"column":38}},"21":{"start":{"line":50,"column":8},"end":{"line":54,"column":11}},"22":{"start":{"line":57,"column":8},"end":{"line":57,"column":61}},"23":{"start":{"line":58,"column":8},"end":{"line":58,"column":32}},"24":{"start":{"line":60,"column":8},"end":{"line":60,"column":26}},"25":{"start":{"line":64,"column":4},"end":{"line":64,"column":23}},"26":{"start":{"line":67,"column":2},"end":{"line":67,"column":46}},"27":{"start":{"line":71,"column":47},"end":{"line":71,"column":63}},"28":{"start":{"line":73,"column":2},"end":{"line":88,"column":3}},"29":{"start":{"line":74,"column":4},"end":{"line":87,"column":6}},"30":{"start":{"line":90,"column":2},"end":{"line":109,"column":3}},"31":{"start":{"line":91,"column":4},"end":{"line":91,"column":76}},"32":{"start":{"line":92,"column":4},"end":{"line":108,"column":6}},"33":{"start":{"line":112,"column":2},"end":{"line":112,"column":14}}},"fnMap":{"0":{"name":"useIPWhitelist","decl":{"start":{"line":10,"column":16},"end":{"line":10,"column":30}},"loc":{"start":{"line":10,"column":33},"end":{"line":68,"column":1}},"line":10},"1":{"name":"(anonymous_1)","decl":{"start":{"line":15,"column":12},"end":{"line":15,"column":13}},"loc":{"start":{"line":15,"column":18},"end":{"line":65,"column":3}},"line":15},"2":{"name":"(anonymous_2)","decl":{"start":{"line":16,"column":29},"end":{"line":16,"column":30}},"loc":{"start":{"line":16,"column":41},"end":{"line":62,"column":5}},"line":16},"3":{"name":"IPWhitelistProvider","decl":{"start":{"line":70,"column":16},"end":{"line":70,"column":35}},"loc":{"start":{"line":70,"column":50},"end":{"line":113,"column":1}},"line":70}},"branchMap":{"0":{"loc":{"start":{"line":33,"column":25},"end":{"line":33,"column":61}},"type":"binary-expr","locations":[{"start":{"line":33,"column":25},"end":{"line":33,"column":32}},{"start":{"line":33,"column":36},"end":{"line":33,"column":47}},{"start":{"line":33,"column":51},"end":{"line":33,"column":61}}],"line":33},"1":{"loc":{"start":{"line":35,"column":12},"end":{"line":37,"column":13}},"type":"if","locations":[{"start":{"line":35,"column":12},"end":{"line":37,"column":13}},{"start":{},"end":{}}],"line":35},"2":{"loc":{"start":{"line":47,"column":28},"end":{"line":47,"column":78}},"type":"binary-expr","locations":[{"start":{"line":47,"column":28},"end":{"line":47,"column":38}},{"start":{"line":47,"column":42},"end":{"line":47,"column":78}}],"line":47},"3":{"loc":{"start":{"line":73,"column":2},"end":{"line":88,"column":3}},"type":"if","locations":[{"start":{"line":73,"column":2},"end":{"line":88,"column":3}},{"start":{},"end":{}}],"line":73},"4":{"loc":{"start":{"line":90,"column":2},"end":{"line":109,"column":3}},"type":"if","locations":[{"start":{"line":90,"column":2},"end":{"line":109,"column":3}},{"start":{},"end":{}}],"line":90}},"s":{"0":0,"1":0,"2":0,"3":0,"4":0,"5":0,"6":0,"7":0,"8":0,"9":0,"10":0,"11":0,"12":0,"13":0,"14":0,"15":0,"16":0,"17":0,"18":0,"19":0,"20":0,"21":0,"22":0,"23":0,"24":0,"25":0,"26":0,"27":0,"28":0,"29":0,"30":0,"31":0,"32":0,"33":0},"f":{"0":0,"1":0,"2":0,"3":0},"b":{"0":[0,0,0],"1":[0,0],"2":[0,0],"3":[0,0],"4":[0,0]}}
}
