TN:
SF:src/App.js
FN:19,useIPWhitelist
FN:24,(anonymous_1)
FN:25,(anonymous_2)
FN:56,App
FN:187,APIHealthCheck
FN:191,(anonymous_5)
FN:193,(anonymous_6)
FN:194,(anonymous_7)
FN:198,(anonymous_8)
FN:222,SystemStatus
FN:226,(anonymous_10)
FN:228,(anonymous_11)
FN:229,(anonymous_12)
FN:233,(anonymous_13)
FN:256,DataAccessTest
FN:260,(anonymous_15)
FN:262,(anonymous_16)
FN:263,(anonymous_17)
FN:267,(anonymous_18)
FN:285,(anonymous_19)
FNF:20
FNH:0
FNDA:0,useIPWhitelist
FNDA:0,(anonymous_1)
FNDA:0,(anonymous_2)
FNDA:0,App
FNDA:0,APIHealthCheck
FNDA:0,(anonymous_5)
FNDA:0,(anonymous_6)
FNDA:0,(anonymous_7)
FNDA:0,(anonymous_8)
FNDA:0,SystemStatus
FNDA:0,(anonymous_10)
FNDA:0,(anonymous_11)
FNDA:0,(anonymous_12)
FNDA:0,(anonymous_13)
FNDA:0,DataAccessTest
FNDA:0,(anonymous_15)
FNDA:0,(anonymous_16)
FNDA:0,(anonymous_17)
FNDA:0,(anonymous_18)
FNDA:0,(anonymous_19)
DA:12,0
DA:20,0
DA:21,0
DA:22,0
DA:24,0
DA:25,0
DA:26,0
DA:28,0
DA:29,0
DA:30,0
DA:32,0
DA:33,0
DA:34,0
DA:36,0
DA:43,0
DA:44,0
DA:46,0
DA:50,0
DA:53,0
DA:57,0
DA:58,0
DA:61,0
DA:62,0
DA:80,0
DA:81,0
DA:132,0
DA:188,0
DA:189,0
DA:191,0
DA:192,0
DA:193,0
DA:195,0
DA:196,0
DA:199,0
DA:200,0
DA:204,0
DA:206,0
DA:223,0
DA:224,0
DA:226,0
DA:227,0
DA:228,0
DA:230,0
DA:231,0
DA:234,0
DA:235,0
DA:239,0
DA:241,0
DA:257,0
DA:258,0
DA:260,0
DA:261,0
DA:262,0
DA:264,0
DA:265,0
DA:268,0
DA:269,0
DA:273,0
DA:275,0
DA:286,0
LF:60
LH:0
BRDA:61,0,0,0
BRDA:61,0,1,0
BRDA:80,1,0,0
BRDA:80,1,1,0
BRDA:161,2,0,0
BRDA:161,2,1,0
BRDA:204,3,0,0
BRDA:204,3,1,0
BRDA:208,4,0,0
BRDA:208,4,1,0
BRDA:213,5,0,0
BRDA:213,5,1,0
BRDA:239,6,0,0
BRDA:239,6,1,0
BRDA:243,7,0,0
BRDA:243,7,1,0
BRDA:273,8,0,0
BRDA:273,8,1,0
BRDA:277,9,0,0
BRDA:277,9,1,0
BRDA:281,10,0,0
BRDA:281,10,1,0
BRF:22
BRH:0
end_of_record
TN:
SF:src/index.js
FNF:0
FNH:0
DA:8,0
DA:10,0
DA:11,0
DA:12,0
DA:14,0
DA:15,0
DA:18,0
DA:20,0
DA:21,0
DA:29,0
LF:10
LH:0
BRDA:14,0,0,0
BRDA:14,0,1,0
BRDA:20,1,0,0
BRDA:20,1,1,0
BRF:4
BRH:0
end_of_record
TN:
SF:src/components/IPWhitelist.js
FN:10,useIPWhitelist
FN:15,(anonymous_1)
FN:16,(anonymous_2)
FN:70,IPWhitelistProvider
FNF:4
FNH:0
FNDA:0,useIPWhitelist
FNDA:0,(anonymous_1)
FNDA:0,(anonymous_2)
FNDA:0,IPWhitelistProvider
DA:4,0
DA:11,0
DA:12,0
DA:13,0
DA:15,0
DA:16,0
DA:17,0
DA:19,0
DA:25,0
DA:27,0
DA:28,0
DA:29,0
DA:30,0
DA:33,0
DA:35,0
DA:36,0
DA:39,0
DA:40,0
DA:44,0
DA:47,0
DA:48,0
DA:50,0
DA:57,0
DA:58,0
DA:60,0
DA:64,0
DA:67,0
DA:71,0
DA:73,0
DA:74,0
DA:90,0
DA:91,0
DA:92,0
DA:112,0
LF:34
LH:0
BRDA:33,0,0,0
BRDA:33,0,1,0
BRDA:33,0,2,0
BRDA:35,1,0,0
BRDA:35,1,1,0
BRDA:47,2,0,0
BRDA:47,2,1,0
BRDA:73,3,0,0
BRDA:73,3,1,0
BRDA:90,4,0,0
BRDA:90,4,1,0
BRF:11
BRH:0
end_of_record
